23.10.2024, 14:53:21 - INFO - Example app listening on port 3030
23.10.2024, 14:53:35 - ERROR - Bad bug Id
23.10.2024, 15:14:52 - INFO - Example app listening on port 3030
23.10.2024, 15:15:01 - ERROR - Bad bug Id
23.10.2024, 15:24:48 - ERROR - Bad bug Id
23.10.2024, 15:24:53 - ERROR - Bad bug Id
23.10.2024, 15:27:57 - INFO - Example app listening on port 3030
23.10.2024, 15:28:10 - ERROR - Bad bug Id
24.10.2024, 17:27:59 - ERROR - Bad bug Id
24.10.2024, 17:28:34 - ERROR - Bad bug Id
24.10.2024, 17:28:37 - ERROR - Bad bug Id
24.10.2024, 17:36:07 - ERROR - Bad bug Id
24.10.2024, 17:36:29 - ERROR - Bad bug Id
24.10.2024, 17:36:42 - INFO - Example app listening on port 3030
24.10.2024, 17:36:54 - ERROR - Bug with ID undefined not found.
24.10.2024, 17:43:32 - INFO - Example app listening on port 3030
24.10.2024, 17:43:50 - ERROR - Bug with ID undefined not found.
24.10.2024, 17:50:44 - INFO - Example app listening on port 3030
24.10.2024, 17:50:57 - ERROR - Bug with ID undefined not found.
24.10.2024, 17:51:03 - ERROR - Bug with ID undefined not found.
24.10.2024, 17:51:16 - ERROR - Bug with ID undefined not found.
24.10.2024, 18:10:39 - ERROR - Bug with ID undefined not found.
24.10.2024, 18:14:20 - ERROR - Couldn't get bug...
24.10.2024, 18:14:38 - ERROR - Couldn't get bug...
24.10.2024, 18:33:55 - INFO - Example app listening on port 3030
24.10.2024, 18:34:25 - ERROR - Couldn't get bug...
24.10.2024, 18:39:26 - INFO - Example app listening on port 3030
24.10.2024, 18:39:33 - ERROR - Couldn't get bug...
24.10.2024, 19:06:04 - ERROR - Couldn't get bug...
24.10.2024, 20:16:05 - INFO - Example app listening on port 3030
24.10.2024, 20:22:30 - INFO - Example app listening on port 3030
24.10.2024, 20:25:24 - INFO - Example app listening on port 3030
24.10.2024, 20:57:53 - INFO - Example app listening on port 3030
24.10.2024, 21:28:05 - INFO - Example app listening on port 3030
24.10.2024, 21:37:11 - INFO - Example app listening on port 3030
26.10.2024, 7:22:41 - INFO - Example app listening on port 3030
26.10.2024, 8:12:31 - ERROR - ReferenceError: fs is not defined
26.10.2024, 8:22:51 - INFO - Example app listening on port 3030
26.10.2024, 8:36:46 - INFO - Example app listening on port 3030
26.10.2024, 8:42:19 - INFO - Example app listening on port 3030
26.10.2024, 8:46:20 - INFO - Example app listening on port 3030
26.10.2024, 8:48:39 - INFO - Example app listening on port 3030
26.10.2024, 9:08:26 - INFO - Example app listening on port 3030
26.10.2024, 9:23:49 - INFO - Example app listening on port 3030
26.10.2024, 10:14:22 - INFO - Example app listening on port 3030
26.10.2024, 10:19:25 - INFO - Example app listening on port 3030
26.10.2024, 10:29:07 - INFO - Example app listening on port 3030
26.10.2024, 11:07:16 - INFO - Example app listening on port 3030
26.10.2024, 12:31:46 - INFO - Example app listening on port 3030
26.10.2024, 12:34:35 - INFO - Example app listening on port 3030
26.10.2024, 12:34:40 - ERROR - TypeError: Cannot read properties of undefined (reading 'some')
26.10.2024, 12:40:15 - INFO - Example app listening on port 3030
28.10.2024, 18:43:28 - INFO - Example app listening on port 3030
28.10.2024, 19:28:06 - INFO - Example app listening on port 3030
28.10.2024, 19:33:47 - INFO - Example app listening on port 3030
28.10.2024, 23:06:18 - INFO - Example app listening on port 3030
28.10.2024, 23:06:48 - INFO - visited route /signup
28.10.2024, 23:06:48 - DEBUG - auth.service - signup with username: ohadtaizi, fullname: Ohad Taizi
28.10.2024, 23:06:48 - ERROR - Failed to signup ReferenceError: bugs is not defined
28.10.2024, 23:06:48 - ERROR - userService[getByUsername] :  | ReferenceError: bugs is not defined
28.10.2024, 23:25:28 - INFO - Example app listening on port 3030
28.10.2024, 23:26:08 - INFO - visited route /signup
28.10.2024, 23:26:08 - DEBUG - auth.service - signup with username: oomm, fullname: oo mm
28.10.2024, 23:26:08 - ERROR - userService[getByUsername] :  | ReferenceError: bugs is not defined
28.10.2024, 23:33:03 - INFO - Example app listening on port 3030
28.10.2024, 23:33:26 - INFO - visited route /signup
28.10.2024, 23:33:26 - DEBUG - auth.service - signup with username: mmmll, fullname: mmm ll
28.10.2024, 23:33:26 - INFO - User signup: | {"_id":"NCHpHM","fullname":"mmm ll","imgUrl":"https://cdn.pixabay.com/photo/2020/07/01/12/58/icon-5359553_1280.png","score":10000}
28.10.2024, 23:33:26 - DEBUG - auth.route - new account created: {"username":"mmmll","password":"$2b$10$8.rAI1MpfXk0Ae.cqSSZdugMx.C/Biu7l5csUMubAerrC.KxRdjIa","fullname":"mmm ll","_id":"NCHpHM","score":10000,"createdAt":1730151206744,"imgUrl":"https://cdn.pixabay.com/photo/2020/07/01/12/58/icon-5359553_1280.png"}
29.10.2024, 7:16:18 - INFO - visited route /logout
29.10.2024, 7:16:24 - INFO - visited route /login
29.10.2024, 7:16:24 - INFO - User login:  | {"_id":"NCHpHM","fullname":"mmm ll","imgUrl":"https://cdn.pixabay.com/photo/2020/07/01/12/58/icon-5359553_1280.png","score":10000}
29.10.2024, 7:54:38 - INFO - Example app listening on port 3030
29.10.2024, 7:59:38 - INFO - Example app listening on port 3030
29.10.2024, 8:08:52 - INFO - Example app listening on port 3030
29.10.2024, 8:09:03 - INFO - visited route /logout
29.10.2024, 8:09:08 - INFO - visited route /login
29.10.2024, 8:09:08 - INFO - User login:  | {"_id":"NCHpHM","fullname":"mmm ll","imgUrl":"https://cdn.pixabay.com/photo/2020/07/01/12/58/icon-5359553_1280.png","score":10000}
29.10.2024, 8:09:30 - ERROR - ReferenceError: idx is not defined
29.10.2024, 8:39:50 - INFO - Example app listening on port 3030
29.10.2024, 8:40:13 - INFO - visited route /logout
29.10.2024, 8:40:17 - INFO - visited route /login
29.10.2024, 8:40:17 - INFO - User login:  | {"_id":"NCHpHM","fullname":"mmm ll","imgUrl":"https://cdn.pixabay.com/photo/2020/07/01/12/58/icon-5359553_1280.png","score":10000}
29.10.2024, 8:40:32 - ERROR - ReferenceError: idx is not defined
29.10.2024, 9:38:54 - INFO - Example app listening on port 3030
29.10.2024, 10:03:29 - INFO - Example app listening on port 3030
29.10.2024, 10:05:37 - INFO - Example app listening on port 3030
29.10.2024, 10:11:07 - INFO - Example app listening on port 3030
29.10.2024, 10:11:24 - INFO - visited route /logout
29.10.2024, 10:11:27 - INFO - visited route /login
29.10.2024, 10:11:27 - INFO - User login:  | {"_id":"NCHpHM","fullname":"mmm ll","imgUrl":"https://cdn.pixabay.com/photo/2020/07/01/12/58/icon-5359553_1280.png","score":10000}
29.10.2024, 10:17:33 - INFO - Example app listening on port 3030
29.10.2024, 11:18:20 - INFO - Example app listening on port 3030
29.10.2024, 11:38:42 - INFO - Example app listening on port 3030
29.10.2024, 13:08:54 - INFO - Example app listening on port 3030
29.10.2024, 13:34:52 - INFO - visited route /logout
29.10.2024, 13:34:57 - INFO - visited route /login
29.10.2024, 13:34:57 - INFO - User login:  | {"_id":"u101","fullname":"Muki 1","score":101}
29.10.2024, 14:13:08 - INFO - Example app listening on port 3030
29.10.2024, 14:16:53 - ERROR - ReferenceError: idx is not defined
29.10.2024, 14:16:57 - INFO - visited route /logout
29.10.2024, 14:17:38 - INFO - visited route /login
29.10.2024, 14:17:38 - INFO - User login:  | {"_id":"NCHpHM","fullname":"mmm ll","imgUrl":"https://cdn.pixabay.com/photo/2020/07/01/12/58/icon-5359553_1280.png","score":10000}
29.10.2024, 14:17:56 - ERROR - ReferenceError: idx is not defined
29.10.2024, 14:18:45 - ERROR - ReferenceError: idx is not defined
29.10.2024, 14:23:18 - ERROR - ReferenceError: idx is not defined
29.10.2024, 14:25:28 - ERROR - ReferenceError: idx is not defined
29.10.2024, 18:33:10 - INFO - Example app listening on port 3030
30.10.2024, 21:13:11 - INFO - visited route /login
30.10.2024, 21:13:11 - INFO - User login:  | {"_id":"NCHpHM","fullname":"mmm ll","imgUrl":"https://cdn.pixabay.com/photo/2020/07/01/12/58/icon-5359553_1280.png","score":10000}
30.10.2024, 21:13:53 - ERROR - ReferenceError: idx is not defined
30.10.2024, 21:15:38 - INFO - visited route /logout
30.10.2024, 21:15:48 - INFO - visited route /login
30.10.2024, 21:15:48 - INFO - User login:  | {"_id":"NCHpHM","fullname":"mmm ll","imgUrl":"https://cdn.pixabay.com/photo/2020/07/01/12/58/icon-5359553_1280.png","score":10000}
30.10.2024, 21:16:19 - ERROR - ReferenceError: idx is not defined
30.10.2024, 21:18:49 - INFO - Example app listening on port 3030
30.10.2024, 21:21:52 - INFO - Example app listening on port 3030
30.10.2024, 21:29:54 - INFO - Example app listening on port 3030
30.10.2024, 21:31:32 - INFO - Example app listening on port 3030
30.10.2024, 21:36:33 - INFO - Example app listening on port 3030
30.10.2024, 21:59:14 - INFO - Example app listening on port 3030
30.10.2024, 22:08:42 - INFO - Example app listening on port 3030
5.11.2024, 14:45:15 - INFO - Example app listening on port 3030
5.11.2024, 15:09:05 - INFO - Example app listening on port 3030
5.11.2024, 15:59:46 - INFO - Example app listening on port 3030
6.11.2024, 17:07:28 - INFO - Example app listening on port 3030
7.11.2024, 16:39:56 - INFO - Example app listening on port 3030
7.11.2024, 16:58:02 - INFO - Example app listening on port 3030
7.11.2024, 17:15:26 - INFO - Example app listening on port 3030
7.11.2024, 17:18:11 - INFO - Example app listening on port 3030
7.11.2024, 17:19:53 - INFO - {"baseUrl":"/api/auth","method":"POST","body":{"username":"testUser","password":"1234","fullname":"Test User","imgUrl":"https://example.com/user.jpg","isAdmin":false},"params":{}}
7.11.2024, 17:19:53 - DEBUG - auth.service - signup with username: testUser, fullname: Test User
7.11.2024, 17:19:53 - ERROR - while finding user by username: testUser | MongoInvalidArgumentError: Query filter must be a plain object or ObjectId
7.11.2024, 17:26:45 - INFO - Example app listening on port 3030
7.11.2024, 17:26:50 - INFO - {"baseUrl":"/api/auth","method":"POST","body":{"username":"testUser","password":"1234","fullname":"Test User","imgUrl":"https://example.com/user.jpg","isAdmin":false},"params":{}}
7.11.2024, 17:26:50 - DEBUG - auth.service - signup with username: testUser, fullname: Test User
7.11.2024, 17:30:51 - INFO - Example app listening on port 3030
7.11.2024, 17:30:55 - INFO - {"baseUrl":"/api/auth","method":"POST","body":{"username":"testUser","password":"1234","fullname":"Test User","imgUrl":"https://example.com/user.jpg","isAdmin":false},"params":{}}
7.11.2024, 17:30:55 - DEBUG - auth.service - signup with username: testUser, fullname: Test User
7.11.2024, 17:30:55 - DEBUG - auth.route - new account created: {"username":"testUser","password":"$2b$10$dIjQmTqxG63Z6em1j6A39.U.r9o2cIasFH3RWxLz9hePs.znD1hia","fullname":"Test User","imgUrl":"https://example.com/user.jpg","isAdmin":false,"score":100,"_id":"672cdd2f1915c25a39c57369"}
7.11.2024, 17:38:02 - INFO - Example app listening on port 3030
7.11.2024, 17:38:07 - INFO - {"baseUrl":"/api/auth","method":"POST","body":{"username":"testUser","password":"1234","fullname":"Test User","imgUrl":"https://example.com/user.jpg","isAdmin":false},"params":{}}
7.11.2024, 17:38:07 - DEBUG - auth.service - signup with username: testUser, fullname: Test User
7.11.2024, 17:42:51 - INFO - {"baseUrl":"/api/auth","method":"POST","body":{"username":"testUser","password":"1234"},"params":{}}
7.11.2024, 17:42:51 - ERROR - Failed to Login NaN
7.11.2024, 17:43:11 - INFO - Example app listening on port 3030
7.11.2024, 17:43:31 - INFO - {"baseUrl":"/api/auth","method":"POST","body":{"username":"testUser","password":"1234"},"params":{}}
7.11.2024, 17:43:31 - ERROR - Failed to Login NaN
7.11.2024, 17:48:24 - INFO - Example app listening on port 3030
7.11.2024, 17:48:28 - INFO - {"baseUrl":"/api/auth","method":"POST","body":{"username":"testUser","password":"1234"},"params":{}}
7.11.2024, 17:48:28 - ERROR - Failed to Login NaN
7.11.2024, 17:50:55 - INFO - Example app listening on port 3030
7.11.2024, 17:51:00 - INFO - {"baseUrl":"/api/auth","method":"POST","body":{"username":"testUser","password":"1234"},"params":{}}
7.11.2024, 17:51:00 - ERROR - Failed to Login: | logger is not defined
7.11.2024, 17:55:20 - INFO - Example app listening on port 3030
7.11.2024, 17:55:26 - INFO - {"baseUrl":"/api/auth","method":"POST","body":{"username":"testUser","password":"1234"},"params":{}}
7.11.2024, 17:55:26 - DEBUG - auth.service - login with username: testUser
7.11.2024, 17:55:26 - INFO - User login:  | {"_id":"672cdd2f1915c25a39c57369","username":"testUser","fullname":"Test User","imgUrl":"https://example.com/user.jpg","isAdmin":false,"score":100}
7.11.2024, 18:00:46 - INFO - Example app listening on port 3030
7.11.2024, 18:00:49 - INFO - {"baseUrl":"/api/auth","method":"POST","body":{"username":"testUser","password":"1234"},"params":{}}
7.11.2024, 18:00:49 - DEBUG - auth.service - login with username: testUser
7.11.2024, 18:00:49 - INFO - User login:  | {"_id":"672cdd2f1915c25a39c57369","username":"testUser","fullname":"Test User","imgUrl":"https://example.com/user.jpg","isAdmin":false,"score":100}
7.11.2024, 18:10:03 - INFO - Example app listening on port 3030
7.11.2024, 18:36:39 - INFO - Example app listening on port 3030
7.11.2024, 18:36:43 - INFO - {"baseUrl":"/api/auth","method":"POST","body":{"username":"testUser","password":"1234"},"params":{}}
7.11.2024, 18:36:43 - DEBUG - auth.service - login with username: testUser
7.11.2024, 18:36:43 - INFO - User login:  | {"_id":"672cdd2f1915c25a39c57369","username":"testUser","fullname":"Test User","imgUrl":"https://example.com/user.jpg","isAdmin":false,"score":100}
7.11.2024, 18:47:26 - INFO - Example app listening on port 3030
7.11.2024, 18:47:36 - INFO - {"baseUrl":"/api/auth","method":"POST","body":{"username":"testUser","password":"1234"},"params":{}}
7.11.2024, 18:47:36 - DEBUG - auth.service - login with username: testUser
7.11.2024, 18:47:36 - INFO - User login:  | {"_id":"672cdd2f1915c25a39c57369","username":"testUser","fullname":"Test User","imgUrl":"https://example.com/user.jpg","isAdmin":false,"score":100}
7.11.2024, 19:08:21 - INFO - Example app listening on port 3030
7.11.2024, 19:08:38 - DEBUG - auth.service - login with username: testUser
7.11.2024, 19:08:38 - INFO - {"baseUrl":"/api/auth","method":"POST","body":{"username":"testUser","password":"1234"},"params":{}}
7.11.2024, 19:08:38 - INFO - User login:  | {"_id":"672cdd2f1915c25a39c57369","username":"testUser","fullname":"Test User","imgUrl":"https://example.com/user.jpg","isAdmin":false,"score":100}
7.11.2024, 19:10:00 - INFO - Example app listening on port 3030
7.11.2024, 19:10:05 - DEBUG - auth.service - login with username: testUser
7.11.2024, 19:10:05 - INFO - {"baseUrl":"/api/auth","method":"POST","body":{"username":"testUser","password":"1234"},"params":{}}
7.11.2024, 19:10:05 - INFO - User login:  | {"_id":"672cdd2f1915c25a39c57369","username":"testUser","fullname":"Test User","imgUrl":"https://example.com/user.jpg","isAdmin":false,"score":100}
7.11.2024, 19:23:44 - INFO - Example app listening on port 3030
7.11.2024, 19:23:52 - DEBUG - auth.service - login with username: testUser
7.11.2024, 19:23:52 - INFO - {"baseUrl":"/api/auth","method":"POST","body":{"username":"testUser","password":"1234"},"params":{}}
7.11.2024, 19:23:52 - INFO - User login:  | {"_id":"672cdd2f1915c25a39c57369","username":"testUser","fullname":"Test User","imgUrl":"https://example.com/user.jpg","isAdmin":false,"score":100}
7.11.2024, 19:24:06 - INFO - Example app listening on port 3030
7.11.2024, 19:24:11 - INFO - {"baseUrl":"/api/auth","method":"POST","body":{"username":"testUser","password":"1234"},"params":{}}
7.11.2024, 19:24:11 - DEBUG - auth.service - login with username: testUser
7.11.2024, 19:24:11 - INFO - User login:  | {"_id":"672cdd2f1915c25a39c57369","username":"testUser","fullname":"Test User","imgUrl":"https://example.com/user.jpg","isAdmin":false,"score":100}
7.11.2024, 19:26:16 - INFO - Example app listening on port 3030
7.11.2024, 19:26:33 - INFO - {"baseUrl":"/api/auth","method":"POST","body":{"username":"testUser","password":"1234"},"params":{}}
7.11.2024, 19:26:33 - DEBUG - auth.service - login with username: testUser
7.11.2024, 19:26:34 - INFO - User login:  | {"_id":"672cdd2f1915c25a39c57369","username":"testUser","fullname":"Test User","imgUrl":"https://example.com/user.jpg","isAdmin":false,"score":100}
7.11.2024, 19:38:42 - INFO - Example app listening on port 3030
7.11.2024, 19:38:51 - INFO - {"baseUrl":"/api/auth","method":"POST","body":{"username":"testUser","password":"1234"},"params":{}}
7.11.2024, 19:38:51 - DEBUG - auth.service - login with username: testUser
7.11.2024, 19:38:51 - INFO - User login:  | {"_id":"672cdd2f1915c25a39c57369","username":"testUser","fullname":"Test User","imgUrl":"https://example.com/user.jpg","isAdmin":false,"score":100}
8.11.2024, 8:03:49 - INFO - Example app listening on port 3030
8.11.2024, 8:03:52 - INFO - {"baseUrl":"/api/auth","method":"POST","body":{"username":"testUser","password":"1234"},"params":{}}
8.11.2024, 8:03:52 - DEBUG - auth.service - login with username: testUser
8.11.2024, 8:03:52 - INFO - User login:  | {"_id":"672cdd2f1915c25a39c57369","username":"testUser","fullname":"Test User","imgUrl":"https://example.com/user.jpg","isAdmin":false,"score":100}
8.11.2024, 8:18:13 - INFO - Example app listening on port 3030
8.11.2024, 8:19:36 - DEBUG - auth.service - login with username: testUser
8.11.2024, 8:19:36 - INFO - {"baseUrl":"/api/auth","method":"POST","body":{"username":"testUser","password":"1234"},"params":{}}
8.11.2024, 8:19:36 - INFO - User login:  | {"_id":"672cdd2f1915c25a39c57369","username":"testUser","fullname":"Test User","imgUrl":"https://example.com/user.jpg","isAdmin":false,"score":100}
8.11.2024, 8:33:15 - INFO - Example app listening on port 3030
8.11.2024, 8:33:22 - INFO - {"baseUrl":"/api/auth","method":"POST","body":{"username":"testUser","password":"1234"},"params":{}}
8.11.2024, 8:33:22 - DEBUG - auth.service - login with username: testUser
8.11.2024, 8:33:23 - INFO - User login:  | {"_id":"672cdd2f1915c25a39c57369","username":"testUser","fullname":"Test User","imgUrl":"https://example.com/user.jpg","isAdmin":false,"score":100}
8.11.2024, 8:40:41 - INFO - Example app listening on port 3030
8.11.2024, 8:41:48 - INFO - {"baseUrl":"/api/auth","method":"POST","body":{"username":"testUser","password":"1234"},"params":{}}
8.11.2024, 8:41:48 - DEBUG - auth.service - login with username: testUser
8.11.2024, 8:41:48 - INFO - User login:  | {"_id":"672cdd2f1915c25a39c57369","username":"testUser","fullname":"Test User","imgUrl":"https://example.com/user.jpg","isAdmin":false,"score":100}
8.11.2024, 9:51:23 - INFO - Example app listening on port 3030
8.11.2024, 9:51:40 - INFO - {"baseUrl":"/api/auth","method":"POST","body":{"username":"testUser","password":"1234"},"params":{}}
8.11.2024, 9:51:40 - DEBUG - auth.service - login with username: testUser
8.11.2024, 9:51:40 - INFO - User login:  | {"_id":"672cdd2f1915c25a39c57369","username":"testUser","fullname":"Test User","imgUrl":"https://example.com/user.jpg","isAdmin":false,"score":100}
